This is pdfTeX, Version 3.14159265-2.6-1.40.21 (TeX Live 2020) (preloaded format=pdflatex 2020.4.7)  7 MAR 2022 07:59
entering extended mode
 restricted \write18 enabled.
 %&-line parsing enabled.
**Boppana_Thesis_Diff.tex
(./Boppana_Thesis_Diff.tex
LaTeX2e <2020-02-02> patch level 5
L3 programming layer <2020-03-06> (./thesis.cls
Document Class: thesis 2020/08/06

--------------------------------------------------------------
 +---+ Thesis Style (thesis.cls) version 1.14
 +---+ for University of Colorado Ph.D. theses/dissertations.
 * Conforms to the University of Colorado at Boulder Graduate
 * School "SPECIFICATIONS for Preparation of Master's Thesis
 * and Doctoral Dissertations" (rev. May 2020).
--------------------------------------------------------------
 URL: http://www.colorado.edu/oit/software-hardware/tex-latex

(/usr/local/texlive/2020/texmf-dist/tex/latex/base/report.cls
Document Class: report 2019/12/20 v1.4l Standard LaTeX document class
(/usr/local/texlive/2020/texmf-dist/tex/latex/base/size11.clo
File: size11.clo 2019/12/20 v1.4l Standard LaTeX file (size option)
)
\c@part=\count167
\c@chapter=\count168
\c@section=\count169
\c@subsection=\count170
\c@subsubsection=\count171
\c@paragraph=\count172
\c@subparagraph=\count173
\c@figure=\count174
\c@table=\count175
\abovecaptionskip=\skip47
\belowcaptionskip=\skip48
\bibindent=\dimen134
)
(/usr/local/texlive/2020/texmf-dist/tex/latex/tools/indentfirst.sty
Package: indentfirst 1995/11/23 v1.03 Indent first paragraph (DPC)
)
(/usr/local/texlive/2020/texmf-dist/tex/latex/base/ifthen.sty
Package: ifthen 2014/09/29 v1.1c Standard LaTeX ifthen package (DPC)
)
(/usr/local/texlive/2020/texmf-dist/tex/generic/ulem/ulem.sty
\UL@box=\box45
\UL@hyphenbox=\box46
\UL@skip=\skip49
\UL@hook=\toks15
\UL@height=\dimen135
\UL@pe=\count176
\UL@pixel=\dimen136
\ULC@box=\box47
Package: ulem 2019/11/18
\ULdepth=\dimen137
)
\c@th@SecNum=\count177
\c@th@SectionSave=\count178
\th@SubSubSecSpc=\skip50
\c@th@storepage=\count179
)
(/usr/local/texlive/2020/texmf-dist/tex/latex/amsfonts/amssymb.sty
Package: amssymb 2013/01/14 v3.01 AMS font symbols

(/usr/local/texlive/2020/texmf-dist/tex/latex/amsfonts/amsfonts.sty
Package: amsfonts 2013/01/14 v3.01 Basic AMSFonts support
\@emptytoks=\toks16
\symAMSa=\mathgroup4
\symAMSb=\mathgroup5
LaTeX Font Info:    Redeclaring math symbol \hbar on input line 98.
LaTeX Font Info:    Overwriting math alphabet `\mathfrak' in version `bold'
(Font)                  U/euf/m/n --> U/euf/b/n on input line 106.
))
(/usr/local/texlive/2020/texmf-dist/tex/latex/graphics/graphicx.sty
Package: graphicx 2019/11/30 v1.2a Enhanced LaTeX Graphics (DPC,SPQR)

(/usr/local/texlive/2020/texmf-dist/tex/latex/graphics/keyval.sty
Package: keyval 2014/10/28 v1.15 key=value parser (DPC)
\KV@toks@=\toks17
)
(/usr/local/texlive/2020/texmf-dist/tex/latex/graphics/graphics.sty
Package: graphics 2019/11/30 v1.4a Standard LaTeX Graphics (DPC,SPQR)

(/usr/local/texlive/2020/texmf-dist/tex/latex/graphics/trig.sty
Package: trig 2016/01/03 v1.10 sin cos tan (DPC)
)
(/usr/local/texlive/2020/texmf-dist/tex/latex/graphics-cfg/graphics.cfg
File: graphics.cfg 2016/06/04 v1.11 sample graphics configuration
)
Package graphics Info: Driver file: pdftex.def on input line 105.

(/usr/local/texlive/2020/texmf-dist/tex/latex/graphics-def/pdftex.def
File: pdftex.def 2018/01/08 v1.0l Graphics/color driver for pdftex
))
\Gin@req@height=\dimen138
\Gin@req@width=\dimen139
)
(/usr/local/texlive/2020/texmf-dist/tex/latex/hyperref/hyperref.sty
Package: hyperref 2020/01/14 v7.00d Hypertext links for LaTeX

(/usr/local/texlive/2020/texmf-dist/tex/generic/ltxcmds/ltxcmds.sty
Package: ltxcmds 2019/12/15 v1.24 LaTeX kernel commands for general use (HO)
)
(/usr/local/texlive/2020/texmf-dist/tex/generic/iftex/iftex.sty
Package: iftex 2020/03/06 v1.0d TeX engine tests
)
(/usr/local/texlive/2020/texmf-dist/tex/latex/pdftexcmds/pdftexcmds.sty
Package: pdftexcmds 2019/11/24 v0.31 Utility functions of pdfTeX for LuaTeX (HO
)

(/usr/local/texlive/2020/texmf-dist/tex/generic/infwarerr/infwarerr.sty
Package: infwarerr 2019/12/03 v1.5 Providing info/warning/error messages (HO)
)
Package pdftexcmds Info: \pdf@primitive is available.
Package pdftexcmds Info: \pdf@ifprimitive is available.
Package pdftexcmds Info: \pdfdraftmode found.
)
(/usr/local/texlive/2020/texmf-dist/tex/generic/kvsetkeys/kvsetkeys.sty
Package: kvsetkeys 2019/12/15 v1.18 Key value parser (HO)
)
(/usr/local/texlive/2020/texmf-dist/tex/generic/kvdefinekeys/kvdefinekeys.sty
Package: kvdefinekeys 2019-12-19 v1.6 Define keys (HO)
)
(/usr/local/texlive/2020/texmf-dist/tex/generic/pdfescape/pdfescape.sty
Package: pdfescape 2019/12/09 v1.15 Implements pdfTeX's escape features (HO)
)
(/usr/local/texlive/2020/texmf-dist/tex/latex/hycolor/hycolor.sty
Package: hycolor 2020-01-27 v1.10 Color options for hyperref/bookmark (HO)
)
(/usr/local/texlive/2020/texmf-dist/tex/latex/letltxmacro/letltxmacro.sty
Package: letltxmacro 2019/12/03 v1.6 Let assignment for LaTeX macros (HO)
)
(/usr/local/texlive/2020/texmf-dist/tex/latex/auxhook/auxhook.sty
Package: auxhook 2019-12-17 v1.6 Hooks for auxiliary files (HO)


Package auxhook Warning: Cannot patch \document,
(auxhook)                using \AtBeginDocument instead.

) (/usr/local/texlive/2020/texmf-dist/tex/latex/kvoptions/kvoptions.sty
Package: kvoptions 2019/11/29 v3.13 Key value format for package options (HO)
)
\@linkdim=\dimen140
\Hy@linkcounter=\count180
\Hy@pagecounter=\count181

(/usr/local/texlive/2020/texmf-dist/tex/latex/hyperref/pd1enc.def
File: pd1enc.def 2020/01/14 v7.00d Hyperref: PDFDocEncoding definition (HO)
Now handling font encoding PD1 ...
... no UTF-8 mapping file for font encoding PD1
)
(/usr/local/texlive/2020/texmf-dist/tex/generic/intcalc/intcalc.sty
Package: intcalc 2019/12/15 v1.3 Expandable calculations with integers (HO)
)
(/usr/local/texlive/2020/texmf-dist/tex/generic/etexcmds/etexcmds.sty
Package: etexcmds 2019/12/15 v1.7 Avoid name clashes with e-TeX commands (HO)
)
\Hy@SavedSpaceFactor=\count182
Package hyperref Info: Hyper figures OFF on input line 4547.
Package hyperref Info: Link nesting OFF on input line 4552.
Package hyperref Info: Hyper index ON on input line 4555.
Package hyperref Info: Plain pages OFF on input line 4562.
Package hyperref Info: Backreferencing OFF on input line 4567.
Package hyperref Info: Implicit mode ON; LaTeX internals redefined.
Package hyperref Info: Bookmarks ON on input line 4800.
\c@Hy@tempcnt=\count183

(/usr/local/texlive/2020/texmf-dist/tex/latex/url/url.sty
\Urlmuskip=\muskip16
Package: url 2013/09/16  ver 3.4  Verb mode for urls, etc.
)
LaTeX Info: Redefining \url on input line 5159.
\XeTeXLinkMargin=\dimen141

(/usr/local/texlive/2020/texmf-dist/tex/generic/bitset/bitset.sty
Package: bitset 2019/12/09 v1.3 Handle bit-vector datatype (HO)

(/usr/local/texlive/2020/texmf-dist/tex/generic/bigintcalc/bigintcalc.sty
Package: bigintcalc 2019/12/15 v1.5 Expandable calculations on big integers (HO
)
))
\Fld@menulength=\count184
\Field@Width=\dimen142
\Fld@charsize=\dimen143
Package hyperref Info: Hyper figures OFF on input line 6430.
Package hyperref Info: Link nesting OFF on input line 6435.
Package hyperref Info: Hyper index ON on input line 6438.
Package hyperref Info: backreferencing OFF on input line 6445.
Package hyperref Info: Link coloring OFF on input line 6450.
Package hyperref Info: Link coloring with OCG OFF on input line 6455.
Package hyperref Info: PDF/A mode OFF on input line 6460.
LaTeX Info: Redefining \ref on input line 6500.
LaTeX Info: Redefining \pageref on input line 6504.

(/usr/local/texlive/2020/texmf-dist/tex/generic/atbegshi/atbegshi.sty
Package: atbegshi 2019/12/05 v1.19 At begin shipout hook (HO)
)
\Hy@abspage=\count185
\c@Item=\count186
\c@Hfootnote=\count187
)
Package hyperref Info: Driver (autodetected): hpdftex.

(/usr/local/texlive/2020/texmf-dist/tex/latex/hyperref/hpdftex.def
File: hpdftex.def 2020/01/14 v7.00d Hyperref driver for pdfTeX

(/usr/local/texlive/2020/texmf-dist/tex/latex/atveryend/atveryend.sty
Package: atveryend 2019-12-11 v1.11 Hooks at the very end of document (HO)
Package atveryend Info: \enddocument detected (standard20110627).
)
\Fld@listcount=\count188
\c@bookmark@seq@number=\count189

(/usr/local/texlive/2020/texmf-dist/tex/latex/rerunfilecheck/rerunfilecheck.sty
Package: rerunfilecheck 2019/12/05 v1.9 Rerun checks for auxiliary files (HO)

(/usr/local/texlive/2020/texmf-dist/tex/generic/uniquecounter/uniquecounter.sty
Package: uniquecounter 2019/12/15 v1.4 Provide unlimited unique counter (HO)
)
Package uniquecounter Info: New unique counter `rerunfilecheck' on input line 2
86.
)
\Hy@SectionHShift=\skip51
) (/usr/local/texlive/2020/texmf-dist/tex/latex/breakcites/breakcites.sty)
(/usr/local/texlive/2020/texmf-dist/tex/latex/tools/longtable.sty
Package: longtable 2020/01/07 v4.13 Multi-page Table package (DPC)
\LTleft=\skip52
\LTright=\skip53
\LTpre=\skip54
\LTpost=\skip55
\LTchunksize=\count190
\LTcapwidth=\dimen144
\LT@head=\box48
\LT@firsthead=\box49
\LT@foot=\box50
\LT@lastfoot=\box51
\LT@cols=\count191
\LT@rows=\count192
\c@LT@tables=\count193
\c@LT@chunks=\count194
\LT@p@ftn=\toks18
)
(/usr/local/texlive/2020/texmf-dist/tex/latex/booktabs/booktabs.sty
Package: booktabs 2020/01/12 v1.61803398 Publication quality tables
\heavyrulewidth=\dimen145
\lightrulewidth=\dimen146
\cmidrulewidth=\dimen147
\belowrulesep=\dimen148
\belowbottomsep=\dimen149
\aboverulesep=\dimen150
\abovetopsep=\dimen151
\cmidrulesep=\dimen152
\cmidrulekern=\dimen153
\defaultaddspace=\dimen154
\@cmidla=\count195
\@cmidlb=\count196
\@aboverulesep=\dimen155
\@belowrulesep=\dimen156
\@thisruleclass=\count197
\@lastruleclass=\count198
\@thisrulewidth=\dimen157
)
(/usr/local/texlive/2020/texmf-dist/tex/latex/amsmath/amsmath.sty
Package: amsmath 2020/01/20 v2.17e AMS math features
\@mathmargin=\skip56

For additional information on amsmath, use the `?' option.
(/usr/local/texlive/2020/texmf-dist/tex/latex/amsmath/amstext.sty
Package: amstext 2000/06/29 v2.01 AMS text

(/usr/local/texlive/2020/texmf-dist/tex/latex/amsmath/amsgen.sty
File: amsgen.sty 1999/11/30 v2.0 generic functions
\@emptytoks=\toks19
\ex@=\dimen158
))
(/usr/local/texlive/2020/texmf-dist/tex/latex/amsmath/amsbsy.sty
Package: amsbsy 1999/11/29 v1.2d Bold Symbols
\pmbraise@=\dimen159
)
(/usr/local/texlive/2020/texmf-dist/tex/latex/amsmath/amsopn.sty
Package: amsopn 2016/03/08 v2.02 operator names
)
\inf@bad=\count199
LaTeX Info: Redefining \frac on input line 227.
\uproot@=\count266
\leftroot@=\count267
LaTeX Info: Redefining \overline on input line 389.
\classnum@=\count268
\DOTSCASE@=\count269
LaTeX Info: Redefining \ldots on input line 486.
LaTeX Info: Redefining \dots on input line 489.
LaTeX Info: Redefining \cdots on input line 610.
\Mathstrutbox@=\box52
\strutbox@=\box53
\big@size=\dimen160
LaTeX Font Info:    Redeclaring font encoding OML on input line 733.
LaTeX Font Info:    Redeclaring font encoding OMS on input line 734.
\macc@depth=\count270
\c@MaxMatrixCols=\count271
\dotsspace@=\muskip17
\c@parentequation=\count272
\dspbrk@lvl=\count273
\tag@help=\toks20
\row@=\count274
\column@=\count275
\maxfields@=\count276
\andhelp@=\toks21
\eqnshift@=\dimen161
\alignsep@=\dimen162
\tagshift@=\dimen163
\tagwidth@=\dimen164
\totwidth@=\dimen165
\lineht@=\dimen166
\@envbody=\toks22
\multlinegap=\skip57
\multlinetaggap=\skip58
\mathdisplay@stack=\toks23
LaTeX Info: Redefining \[ on input line 2859.
LaTeX Info: Redefining \] on input line 2860.
)
(/usr/local/texlive/2020/texmf-dist/tex/latex/nowidow/nowidow.sty
Package: nowidow 2011/09/20 1.0 Easily prevent widows and orphans
Package: nowidow 
)
(/usr/local/texlive/2020/texmf-dist/tex/latex/placeins/placeins.sty
Package: placeins 2005/04/18  v 2.2
)
(/usr/local/texlive/2020/texmf-dist/tex/latex/base/flafter.sty
Package: flafter 2018/11/28 v1.4d Standard LaTeX floats after reference (FMi)
Applying: [2015/01/01] float order in 2-column on input line 49.
Already applied: [0000/00/00] float order in 2-column on input line 151.
)
Package hyperref Info: Option `colorlinks' set `true' on input line 25.

(/usr/local/texlive/2020/texmf-dist/tex/latex/floatrow/floatrow.sty
Package: floatrow 2008/08/02 v0.3b floatrow: float package extension

(/usr/local/texlive/2020/texmf-dist/tex/latex/caption/caption3.sty
Package: caption3 2020/01/03 v1.8h caption3 kernel (AR)
Package caption3 Info: TeX engine: e-TeX on input line 61.
\captionmargin=\dimen167
\captionmargin@=\dimen168
\captionwidth=\dimen169
\caption@tempdima=\dimen170
\caption@indent=\dimen171
\caption@parindent=\dimen172
\caption@hangindent=\dimen173
Package caption Info: Standard document class detected.
)
\c@float@type=\count277
\float@exts=\toks24
\float@box=\box54
\@floatcapt=\box55
Package floatrow Info: Modified float package code loaded on input line 455.
Package floatrow Info: Modified rotfloat package code loaded on input line 473.

\FR@everyfloat=\toks25
\flrow@foot=\insert252
\FB@wd=\dimen174
\FBo@wd=\dimen175
\FBc@wd=\dimen176
\FBo@ht=\skip59
\FBc@ht=\skip60
\FBf@ht=\skip61
\FBo@max=\skip62
\FBc@max=\skip63
\FBf@max=\skip64
\c@FBl@b=\count278
\floatbox@depth=\count279
\c@FRobj=\count280
\c@FRsobj=\count281
\Xhsize=\skip65
\sXhsize=\skip66
\Zhsize=\skip67
\sZhsize=\skip68
\flrow@rowbox=\box56
\FR@Zunitlength=\dimen177
\c@FBcnt=\count282
\FPOScnt=\count283
\LTleft=\skip69
\LTright=\skip70
\LTleft=\skip71
\LTright=\skip72
\flrow@types=\toks26
)
(/usr/local/texlive/2020/texmf-dist/tex/latex/natbib/natbib.sty
Package: natbib 2010/09/13 8.31b (PWD, AO)
\bibhang=\skip73
\bibsep=\skip74
LaTeX Info: Redefining \cite on input line 694.
\c@NAT@ctr=\count284
)
(/usr/local/texlive/2020/texmf-dist/tex/latex/tools/calc.sty
Package: calc 2017/05/25 v4.3 Infix arithmetic (KKT,FJ)
\calc@Acount=\count285
\calc@Bcount=\count286
\calc@Adimen=\dimen178
\calc@Bdimen=\dimen179
\calc@Askip=\skip75
\calc@Bskip=\skip76
LaTeX Info: Redefining \setlength on input line 80.
LaTeX Info: Redefining \addtolength on input line 81.
\calc@Ccount=\count287
\calc@Cskip=\skip77
)
Putting page number on short ToC
Putting page number on short LoF
Putting page number on short LoT

! LaTeX Error: Option clash for package ulem.

See the LaTeX manual or LaTeX Companion for explanation.
Type  H <return>  for immediate help.
 ...                                              
                                                  
l.133 \RequirePackage
                     {color}\definecolor{RED}{rgb}{1,0,0}\definecolor{BLUE}{...

The package ulem has already been loaded with options:
  [ULforem,normalbf]
There has now been an attempt to load it with options
  [normalem]
Adding the global options:
  ULforem,normalbf,normalem
to your \documentclass declaration may fix this.
Try typing  <return>  to proceed.

(/usr/local/texlive/2020/texmf-dist/tex/latex/graphics/color.sty
Package: color 2019/11/23 v1.2a Standard LaTeX Color (DPC)

(/usr/local/texlive/2020/texmf-dist/tex/latex/graphics-cfg/color.cfg
File: color.cfg 2016/01/02 v1.6 sample color configuration
)
Package color Info: Driver file: pdftex.def on input line 147.
)
(/usr/local/texlive/2020/texmf-dist/tex/latex/oberdiek/settobox.sty
Package: settobox 2016/05/16 v1.5 Assign box dimensions to length registers (HO
)
)
\DIFdelgraphicsbox=\box57
\DIFdelgraphicswidth=\skip78
\DIFdelgraphicsheight=\skip79
LaTeX Info: Redefining \DIFaddbegin on input line 182.
LaTeX Info: Redefining \DIFaddend on input line 183.
LaTeX Info: Redefining \DIFdelbegin on input line 184.
LaTeX Info: Redefining \DIFdelend on input line 185.
LaTeX Info: Redefining \DIFaddbeginFL on input line 190.
LaTeX Info: Redefining \DIFaddendFL on input line 191.
LaTeX Info: Redefining \DIFdelbeginFL on input line 192.
LaTeX Info: Redefining \DIFdelendFL on input line 193.

(/usr/local/texlive/2020/texmf-dist/tex/latex/listings/listings.sty
\lst@mode=\count288
\lst@gtempboxa=\box58
\lst@token=\toks27
\lst@length=\count289
\lst@currlwidth=\dimen180
\lst@column=\count290
\lst@pos=\count291
\lst@lostspace=\dimen181
\lst@width=\dimen182
\lst@newlines=\count292
\lst@lineno=\count293
\lst@maxwidth=\dimen183

(/usr/local/texlive/2020/texmf-dist/tex/latex/listings/lstmisc.sty
File: lstmisc.sty 2020/03/24 1.8d (Carsten Heinz)
\c@lstnumber=\count294
\lst@skipnumbers=\count295
\lst@framebox=\box59
)
(/usr/local/texlive/2020/texmf-dist/tex/latex/listings/listings.cfg
File: listings.cfg 2020/03/24 1.8d listings configuration
))
Package: listings 2020/03/24 1.8d (Carsten Heinz)

(/usr/local/texlive/2020/texmf-dist/tex/latex/l3backend/l3backend-pdfmode.def
File: l3backend-pdfmode.def 2020-03-12 L3 backend support: PDF mode
\l__kernel_color_stack_int=\count296
\l__pdf_internal_box=\box60
)
(pdf_diff/Boppana_Thesis_Diff.aux)
\openout1 = `Boppana_Thesis_Diff.aux'.

LaTeX Font Info:    Checking defaults for OML/cmm/m/it on input line 212.
LaTeX Font Info:    ... okay on input line 212.
LaTeX Font Info:    Checking defaults for OMS/cmsy/m/n on input line 212.
LaTeX Font Info:    ... okay on input line 212.
LaTeX Font Info:    Checking defaults for OT1/cmr/m/n on input line 212.
LaTeX Font Info:    ... okay on input line 212.
LaTeX Font Info:    Checking defaults for T1/cmr/m/n on input line 212.
LaTeX Font Info:    ... okay on input line 212.
LaTeX Font Info:    Checking defaults for TS1/cmr/m/n on input line 212.
LaTeX Font Info:    ... okay on input line 212.
LaTeX Font Info:    Checking defaults for OMX/cmex/m/n on input line 212.
LaTeX Font Info:    ... okay on input line 212.
LaTeX Font Info:    Checking defaults for U/cmr/m/n on input line 212.
LaTeX Font Info:    ... okay on input line 212.
LaTeX Font Info:    Checking defaults for PD1/pdf/m/n on input line 212.
LaTeX Font Info:    ... okay on input line 212.

(/usr/local/texlive/2020/texmf-dist/tex/context/base/mkii/supp-pdf.mkii
[Loading MPS to PDF converter (version 2006.09.02).]
\scratchcounter=\count297
\scratchdimen=\dimen184
\scratchbox=\box61
\nofMPsegments=\count298
\nofMParguments=\count299
\everyMPshowfont=\toks28
\MPscratchCnt=\count300
\MPscratchDim=\dimen185
\MPnumerator=\count301
\makeMPintoPDFobject=\count302
\everyMPtoPDFconversion=\toks29
) (/usr/local/texlive/2020/texmf-dist/tex/latex/epstopdf-pkg/epstopdf-base.sty
Package: epstopdf-base 2020-01-24 v2.11 Base part for package epstopdf
Package epstopdf-base Info: Redefining graphics rule for `.eps' on input line 4
85.

(/usr/local/texlive/2020/texmf-dist/tex/latex/latexconfig/epstopdf-sys.cfg
File: epstopdf-sys.cfg 2010/07/13 v1.3 Configuration of (r)epstopdf for TeX Liv
e
))
\AtBeginShipoutBox=\box62
Package hyperref Info: Link coloring ON on input line 212.

(/usr/local/texlive/2020/texmf-dist/tex/latex/hyperref/nameref.sty
Package: nameref 2019/09/16 v2.46 Cross-referencing by name of section

(/usr/local/texlive/2020/texmf-dist/tex/latex/refcount/refcount.sty
Package: refcount 2019/12/15 v3.6 Data extraction from label references (HO)
)
(/usr/local/texlive/2020/texmf-dist/tex/generic/gettitlestring/gettitlestring.s
ty
Package: gettitlestring 2019/12/15 v1.6 Cleanup title references (HO)
)
\c@section@level=\count303
)
LaTeX Info: Redefining \ref on input line 212.
LaTeX Info: Redefining \pageref on input line 212.
LaTeX Info: Redefining \nameref on input line 212.
 (pdf_diff/Boppana_Thesis_Diff.out) (pdf_diff/Boppana_Thesis_Diff.out)
\@outlinefile=\write3
\openout3 = `Boppana_Thesis_Diff.out'.

Package caption Info: Begin \AtBeginDocument code.
Package caption Info: End \AtBeginDocument code.

(/usr/local/texlive/2020/texmf-dist/tex/latex/floatrow/fr-longtable.sty
Package: fr-longtable 2007/11/28 v0.1b (beta) floatrow: additions for longtable

\flrow@LT@lasthead=\box63
\flrow@LT@prelastfoot=\box64
\c@FBLTpage=\count304
)
\c@lstlisting=\count305

Making Title Page
LaTeX Font Info:    Trying to load font information for U+msa on input line 212
.
(/usr/local/texlive/2020/texmf-dist/tex/latex/amsfonts/umsa.fd
File: umsa.fd 2013/01/14 v3.01 AMS symbols A
)
LaTeX Font Info:    Trying to load font information for U+msb on input line 212
.

(/usr/local/texlive/2020/texmf-dist/tex/latex/amsfonts/umsb.fd
File: umsb.fd 2013/01/14 v3.01 AMS symbols B
)

! LaTeX Error: There's no line here to end.

See the LaTeX manual or LaTeX Companion for explanation.
Type  H <return>  for immediate help.
 ...                                              
                                                  
l.212 \begin{document}
                      
Your command was ignored.
Type  I <command> <return>  to replace it with another command,
or  <return>  to continue without it.

! Missing $ inserted.
<inserted text> 
                $
l.212 \begin{document}
                      
I've inserted a begin-math/end-math symbol since I think
you left one out. Proceed, with fingers crossed.

! Missing } inserted.
<inserted text> 
                }
l.212 \begin{document}
                      
I've inserted something that you may have forgotten.
(See the <inserted text> above.)
With luck, this will get me unwedged. But if you
really didn't forget anything, try typing `2' now; then
my insertion and my current dilemma will both disappear.

! Extra }, or forgotten \endgroup.
\par ...m \@noitemerr {\@@par }\fi \else {\@@par }
                                                  \fi 
l.212 \begin{document}
                      
I've deleted a group-closing symbol because it seems to be
spurious, as in `$x}$'. But perhaps the } is legitimate and
you forgot something else, as in `\hbox{$x}'. In such cases
the way to recover is to insert both the forgotten and the
deleted material, e.g., by typing `I$}'.


! LaTeX Error: Bad math environment delimiter.

See the LaTeX manual or LaTeX Companion for explanation.
Type  H <return>  for immediate help.
 ...                                              
                                                  
l.212 \begin{document}
                      
Your command was ignored.
Type  I <command> <return>  to replace it with another command,
or  <return>  to continue without it.

Making Abstract Page
[1


{/usr/local/texlive/2020/texmf-var/fonts/map/pdftex/updmap/pdftex.map}]
Making Dedication Page
[2

]
centered
Making Acknowledgement Page
[3


]
centered
Making ToC Page
Making Short ToC...
[4


]
centered
Short Chapter (page numbered)
(pdf_diff/Boppana_Thesis_Diff.toc [5

] [6] [7])
\tf@toc=\write4
\openout4 = `Boppana_Thesis_Diff.toc'.


Making LoT Page
Making Short LoT...
[8]
centered
Short Chapter (page numbered)
(pdf_diff/Boppana_Thesis_Diff.lot)
\tf@lot=\write5
\openout5 = `Boppana_Thesis_Diff.lot'.


Making LoF Page
Making Short LoF...
[9

]
centered
Short Chapter (page numbered)
(pdf_diff/Boppana_Thesis_Diff.lof [10

] [11] [12] [13] [14] [15])
\tf@lof=\write6
\openout6 = `Boppana_Thesis_Diff.lof'.




-------------------Beginning Body----------------------


[16] [1

]
 \th@ChapterStyle\th@DoChapCenterChapter \th@ChapterStyle 1.
centered
[2

] [3] [4]
<../fig/Background/fitflow.PNG, id=824, 434.62375pt x 223.83624pt>
File: ../fig/Background/fitflow.PNG Graphic file (type png)
<use ../fig/Background/fitflow.PNG>
Package pdftex.def Info: ../fig/Background/fitflow.PNG  used on input line 308.

(pdftex.def)             Requested size: 281.87206pt x 145.16736pt.
 [5] [6 <../fig/Background/fitflow.PNG>] [7] [8]
 \th@ChapterStyle\th@DoChapCenterChapter \th@ChapterStyle 2.
centered
[9

] [10] [11] [12] [13] [14] [15]
<../fig/Background/Trauma.png, id=1017, 716.6775pt x 239.89626pt>
File: ../fig/Background/Trauma.png Graphic file (type png)
<use ../fig/Background/Trauma.png>
Package pdftex.def Info: ../fig/Background/Trauma.png  used on input line 524.
(pdftex.def)             Requested size: 375.81297pt x 125.79733pt.
 [16 <../fig/Background/Trauma.png>] [17]
<../fig/Background/HeelLift.png, id=1055, 554.07pt x 489.83pt>
File: ../fig/Background/HeelLift.png Graphic file (type png)
<use ../fig/Background/HeelLift.png>
Package pdftex.def Info: ../fig/Background/HeelLift.png  used on input line 585
.
(pdftex.def)             Requested size: 281.85333pt x 249.17468pt.

[18] [19 <../fig/Background/HeelLift.png>] [20] [21]
 \th@ChapterStyle\th@DoChapCenterChapter \th@ChapterStyle 3.
centered
[22

] [23] [24] [25] [26]
 \th@ChapterStyle\th@DoChapCenterChapter \th@ChapterStyle 4.
centered
[27

] [28]
<../fig/SA1/IMUPlacement.png, id=1154, 793.0428pt x 542.025pt>
File: ../fig/SA1/IMUPlacement.png Graphic file (type png)
<use ../fig/SA1/IMUPlacement.png>
Package pdftex.def Info: ../fig/SA1/IMUPlacement.png  used on input line 805.
(pdftex.def)             Requested size: 328.82831pt x 224.74596pt.
 [29 <../fig/SA1/IMUPlacement.png>]
Overfull \hbox (9.62267pt too wide) in paragraph at lines 827--832
[]\OT1/cmr/m/n/10.95 Discrete wavelet trans-forms (DWT) were used to de-tect ga
it events from ac-cel-er-a-tion signals[[]].
 []

LaTeX Font Info:    Trying to load font information for OML+cmr on input line 8
39.
(/usr/local/texlive/2020/texmf-dist/tex/latex/base/omlcmr.fd
File: omlcmr.fd 2019/12/16 v2.5j Standard LaTeX font definitions
)
LaTeX Font Info:    Font shape `OML/cmr/m/n' in size <10.95> not available
(Font)              Font shape `OML/cmm/m/it' tried instead on input line 839.
 [30] [31]
<../fig/SA1/heelOffLag.png, id=1183, 8564.99875pt x 3613.5pt>
File: ../fig/SA1/heelOffLag.png Graphic file (type png)
<use ../fig/SA1/heelOffLag.png>
Package pdftex.def Info: ../fig/SA1/heelOffLag.png  used on input line 882.
(pdftex.def)             Requested size: 328.81903pt x 138.72594pt.

Underfull \hbox (badness 10000) in alignment at lines 888--893
[] [] [] []
 []


Underfull \hbox (badness 10000) in alignment at lines 893--897
[] [] [] []
 []

! Missing $ inserted.
<inserted text> 
                $
l.898 ...ce & Shank & 43 \(\pm\) 63 cm/s & 5 \$\pm
                                                  \$6 cm/s \\
I've inserted a begin-math/end-math symbol since I think
you left one out. Proceed, with fingers crossed.

! Extra }, or forgotten $.
<template> \unskip \hfil }
                          \endtemplate 
l.899 &
        SLL & 241 \(\pm\) 130 cm/s & 16 \(\pm\) 11 cm/s \\
I've deleted a group-closing symbol because it seems to be
spurious, as in `$x}$'. But perhaps the } is legitimate and
you forgot something else, as in `\hbox{$x}'. In such cases
the way to recover is to insert both the forgotten and the
deleted material, e.g., by typing `I$}'.

! Missing $ inserted.
<inserted text> 
                $
l.899 &
        SLL & 241 \(\pm\) 130 cm/s & 16 \(\pm\) 11 cm/s \\
I've inserted a begin-math/end-math symbol since I think
you left one out. Proceed, with fingers crossed.

! Missing } inserted.
<inserted text> 
                }
l.899 &
        SLL & 241 \(\pm\) 130 cm/s & 16 \(\pm\) 11 cm/s \\
I've inserted something that you may have forgotten.
(See the <inserted text> above.)
With luck, this will get me unwedged. But if you
really didn't forget anything, try typing `2' now; then
my insertion and my current dilemma will both disappear.


Underfull \hbox (badness 10000) in alignment at lines 897--903
[] [] [] []
 []

[32]
<../fig/SA1/pos-neg-heel-off.png, id=1192, 8564.99875pt x 11442.75pt>
File: ../fig/SA1/pos-neg-heel-off.png Graphic file (type png)
<use ../fig/SA1/pos-neg-heel-off.png>
Package pdftex.def Info: ../fig/SA1/pos-neg-heel-off.png  used on input line 92
3.
(pdftex.def)             Requested size: 328.81903pt x 439.29884pt.

Overfull \vbox (192.54404pt too high) has occurred while \output is active []


[33 <../fig/SA1/heelOffLag.png>] [34 <../fig/SA1/pos-neg-heel-off.png>]
[35] [36]
 \th@ChapterStyle\th@DoChapCenterChapter \th@ChapterStyle 5.
centered
[37

] [38]
<../fig/SA2/capturesetup.png, id=1309, 409.53pt x 307.1475pt>
File: ../fig/SA2/capturesetup.png Graphic file (type png)
<use ../fig/SA2/capturesetup.png>
Package pdftex.def Info: ../fig/SA2/capturesetup.png  used on input line 1031.
(pdftex.def)             Requested size: 234.88426pt x 176.1632pt.
<../fig/SA2/sampleFrames.png, id=1310, 469.755pt x 183.68625pt>
File: ../fig/SA2/sampleFrames.png Graphic file (type png)
<use ../fig/SA2/sampleFrames.png>
Package pdftex.def Info: ../fig/SA2/sampleFrames.png  used on input line 1039.
(pdftex.def)             Requested size: 375.80452pt x 146.94917pt.
 [39] [40 <../fig/SA2/capturesetup.png> <../fig/SA2/sampleFrames.png>]
! Undefined control sequence.
<argument> @{} >{\raggedright \arraybackslash 
                                              }p{(\columnwidth - 6\tabcolsep...
l.1071 ...nwidth - 6\tabcolsep) * \real{0.29}}@{}}
                                                  
The control sequence at the end of the top line
of your error message was never \def'ed. If you have
misspelled it (e.g., `\hobx'), type `I' and the correct
spelling (e.g., `I\hbox'). Otherwise just continue,
and I'll forget about whatever was undefined.

! Undefined control sequence.
<argument> ...14}} >{\raggedright \arraybackslash 
                                                  }p{(\columnwidth - 6\tabco...
l.1071 ...nwidth - 6\tabcolsep) * \real{0.29}}@{}}
                                                  
The control sequence at the end of the top line
of your error message was never \def'ed. If you have
misspelled it (e.g., `\hobx'), type `I' and the correct
spelling (e.g., `I\hbox'). Otherwise just continue,
and I'll forget about whatever was undefined.

! Undefined control sequence.
<argument> ...29}} >{\raggedright \arraybackslash 
                                                  }p{(\columnwidth - 6\tabco...
l.1071 ...nwidth - 6\tabcolsep) * \real{0.29}}@{}}
                                                  
The control sequence at the end of the top line
of your error message was never \def'ed. If you have
misspelled it (e.g., `\hobx'), type `I' and the correct
spelling (e.g., `I\hbox'). Otherwise just continue,
and I'll forget about whatever was undefined.

! Undefined control sequence.
<argument> ...29}} >{\raggedright \arraybackslash 
                                                  }p{(\columnwidth - 6\tabco...
l.1071 ...nwidth - 6\tabcolsep) * \real{0.29}}@{}}
                                                  
The control sequence at the end of the top line
of your error message was never \def'ed. If you have
misspelled it (e.g., `\hobx'), type `I' and the correct
spelling (e.g., `I\hbox'). Otherwise just continue,
and I'll forget about whatever was undefined.


! LaTeX Error: Illegal character in array arg.

See the LaTeX manual or LaTeX Companion for explanation.
Type  H <return>  for immediate help.
 ...                                              
                                                  
l.1071 ...nwidth - 6\tabcolsep) * \real{0.29}}@{}}
                                                  
You're in trouble here.  Try typing  <return>  to proceed.
If that doesn't work, type  X <return>  to quit.


! LaTeX Error: Illegal character in array arg.

See the LaTeX manual or LaTeX Companion for explanation.
Type  H <return>  for immediate help.
 ...                                              
                                                  
l.1071 ...nwidth - 6\tabcolsep) * \real{0.29}}@{}}
                                                  
You're in trouble here.  Try typing  <return>  to proceed.
If that doesn't work, type  X <return>  to quit.


! LaTeX Error: Illegal character in array arg.

See the LaTeX manual or LaTeX Companion for explanation.
Type  H <return>  for immediate help.
 ...                                              
                                                  
l.1071 ...nwidth - 6\tabcolsep) * \real{0.29}}@{}}
                                                  
You're in trouble here.  Try typing  <return>  to proceed.
If that doesn't work, type  X <return>  to quit.


! LaTeX Error: Illegal character in array arg.

See the LaTeX manual or LaTeX Companion for explanation.
Type  H <return>  for immediate help.
 ...                                              
                                                  
l.1071 ...nwidth - 6\tabcolsep) * \real{0.29}}@{}}
                                                  
You're in trouble here.  Try typing  <return>  to proceed.
If that doesn't work, type  X <return>  to quit.


Underfull \hbox (badness 10000) in alignment at lines 1071--1076
[] [] [] [] [] [] [] [] [] [] [] []
 []


Underfull \hbox (badness 10000) in alignment at lines 1076--1080
[] [] [] [] [] [] [] [] [] [] [] []
 []


Underfull \hbox (badness 10000) in alignment at lines 1080--1084
[] [] [] [] [] [] [] [] [] [] [] []
 []

[41]
<../fig/SA2/footProcessing.png, id=1350, 1085.05376pt x 684.5575pt>
File: ../fig/SA2/footProcessing.png Graphic file (type png)
<use ../fig/SA2/footProcessing.png>
Package pdftex.def Info: ../fig/SA2/footProcessing.png  used on input line 1116
.
(pdftex.def)             Requested size: 469.75943pt x 296.36996pt.
 [42] [43 <../fig/SA2/footProcessing.png>] [44]
<../fig/SA2/scans.png, id=1403, 363.5181pt x 288.1164pt>
File: ../fig/SA2/scans.png Graphic file (type png)
<use ../fig/SA2/scans.png>
Package pdftex.def Info: ../fig/SA2/scans.png  used on input line 1176.
(pdftex.def)             Requested size: 375.82008pt x 297.86665pt.
 [45]
<../fig/SA2/modelPerformance.png, id=1418, 1059.7191pt x 410.9754pt>
File: ../fig/SA2/modelPerformance.png Graphic file (type png)
<use ../fig/SA2/modelPerformance.png>
Package pdftex.def Info: ../fig/SA2/modelPerformance.png  used on input line 11
91.
(pdftex.def)             Requested size: 375.80675pt x 145.74364pt.
 [46 <../fig/SA2/scans.png>]
<../fig/SA2/coefs.png, id=1430, 686.0832pt x 572.1375pt>
File: ../fig/SA2/coefs.png Graphic file (type png)
<use ../fig/SA2/coefs.png>
Package pdftex.def Info: ../fig/SA2/coefs.png  used on input line 1208.
(pdftex.def)             Requested size: 469.76526pt x 391.74594pt.


! LaTeX Error: Environment pandoccrossrefsubfigures undefined.

See the LaTeX manual or LaTeX Companion for explanation.
Type  H <return>  for immediate help.
 ...                                              
                                                  
l.1213 \begin{pandoccrossrefsubfigures}
                                       
Your command was ignored.
Type  I <command> <return>  to replace it with another command,
or  <return>  to continue without it.

! Undefined control sequence.
l.1215 \subfloat
                [A]{\includegraphics[width=0.8\textwidth,height=\textheight]...
The control sequence at the end of the top line
of your error message was never \def'ed. If you have
misspelled it (e.g., `\hobx'), type `I' and the correct
spelling (e.g., `I\hbox'). Otherwise just continue,
and I'll forget about whatever was undefined.

<../fig/SA2/PCQuad.png, id=1432, 574.5465pt x 422.5386pt>
File: ../fig/SA2/PCQuad.png Graphic file (type png)
<use ../fig/SA2/PCQuad.png>
Package pdftex.def Info: ../fig/SA2/PCQuad.png  used on input line 1215.
(pdftex.def)             Requested size: 375.80908pt x 276.38118pt.
! Undefined control sequence.
l.1217 \subfloat
                [B]{\includegraphics[width=0.95\textwidth,height=\textheight...
The control sequence at the end of the top line
of your error message was never \def'ed. If you have
misspelled it (e.g., `\hobx'), type `I' and the correct
spelling (e.g., `I\hbox'). Otherwise just continue,
and I'll forget about whatever was undefined.

[47 <../fig/SA2/modelPerformance.png>]
Overfull \vbox (73.40302pt too high) has occurred while \output is active []


[48 <../fig/SA2/coefs.png> <../fig/SA2/PCQuad.png>]
<../fig/SA2/PCVAR.png, id=1446, 574.5465pt x 348.5823pt>
File: ../fig/SA2/PCVAR.png Graphic file (type png)
<use ../fig/SA2/PCVAR.png>
Package pdftex.def Info: ../fig/SA2/PCVAR.png  used on input line 1217.
(pdftex.def)             Requested size: 446.26836pt x 270.75485pt.

Overfull \hbox (19.26053pt too wide) in paragraph at lines 1217--1218
[]\OT1/cmr/m/n/10.95 [B][][] 
 []


! LaTeX Error: \caption outside float.

See the LaTeX manual or LaTeX Companion for explanation.
Type  H <return>  for immediate help.
 ...                                              
                                                  
l.1219 \caption
               [{{[}A{]} Each shape mode's principal axis represented as a h...

You're in trouble here.  Try typing  <return>  to proceed.
If that doesn't work, type  X <return>  to quit.


! LaTeX Error: \begin{document} ended by \end{pandoccrossrefsubfigures}.

See the LaTeX manual or LaTeX Companion for explanation.
Type  H <return>  for immediate help.
 ...                                              
                                                  
l.1223 \end{pandoccrossrefsubfigures}
                                     
Your command was ignored.
Type  I <command> <return>  to replace it with another command,
or  <return>  to continue without it.

[49 <../fig/SA2/PCVAR.png>] [50] [51] [52] [53] [54] [55]
<../fig/SA2/instep_Meas.png, id=1566, 484.647pt x 457.71pt>
File: ../fig/SA2/instep_Meas.png Graphic file (type png)
<use ../fig/SA2/instep_Meas.png>
Package pdftex.def Info: ../fig/SA2/instep_Meas.png  used on input line 1373.
(pdftex.def)             Requested size: 375.8194pt x 354.9311pt.
 [56] [57 <../fig/SA2/instep_Meas.png>]
<../fig/SA2/instep_MTP.png, id=1582, 578.16pt x 578.16pt>
File: ../fig/SA2/instep_MTP.png Graphic file (type png)
<use ../fig/SA2/instep_MTP.png>
Package pdftex.def Info: ../fig/SA2/instep_MTP.png  used on input line 1403.
(pdftex.def)             Requested size: 375.79955pt x 375.79955pt.

Underfull \hbox (badness 10000) in alignment at lines 1410--1415
[] []
 []


Underfull \hbox (badness 10000) in alignment at lines 1415--1419
[] []
 []


Underfull \hbox (badness 10000) in alignment at lines 1419--1424
[] []
 []

[58]
Overfull \vbox (445.4246pt too high) has occurred while \output is active []


[59 <../fig/SA2/instep_MTP.png>] [60] [61] [62]
 \th@ChapterStyle\th@DoChapCenterChapter \th@ChapterStyle 6.
centered
[63

]
<../fig/SA3/FootOverview.png, id=1646, 614.295pt x 454.69875pt>
File: ../fig/SA3/FootOverview.png Graphic file (type png)
<use ../fig/SA3/FootOverview.png>
Package pdftex.def Info: ../fig/SA3/FootOverview.png  used on input line 1528.
(pdftex.def)             Requested size: 281.85738pt x 208.62971pt.
 [64 <../fig/SA3/FootOverview.png>]
<../fig/SA3/ANSUR.png, id=1668, 647.41875pt x 778.91pt>
File: ../fig/SA3/ANSUR.png Graphic file (type png)
<use ../fig/SA3/ANSUR.png>
Package pdftex.def Info: ../fig/SA3/ANSUR.png  used on input line 1557.
(pdftex.def)             Requested size: 281.85208pt x 339.09648pt.
 [65] [66 <../fig/SA3/ANSUR.png>]
[67]
<../fig/SA3/Overview.png, id=1704, 456.70625pt x 185.69376pt>
File: ../fig/SA3/Overview.png Graphic file (type png)
<use ../fig/SA3/Overview.png>
Package pdftex.def Info: ../fig/SA3/Overview.png  used on input line 1612.
(pdftex.def)             Requested size: 422.78813pt x 171.90286pt.
 [68 <../fig/SA3/Overview.png>]
<../fig/SA3/Mobility.png, id=1716, 768.8725pt x 584.1825pt>
File: ../fig/SA3/Mobility.png Graphic file (type png)
<use ../fig/SA3/Mobility.png>
Package pdftex.def Info: ../fig/SA3/Mobility.png  used on input line 1636.
(pdftex.def)             Requested size: 281.86212pt x 214.15633pt.
 [69] [70 <../fig/SA3/Mobility.png>]
[71]
<../fig/SA3/SoleFlex.png, id=1744, 248.93pt x 273.02pt>
File: ../fig/SA3/SoleFlex.png Graphic file (type png)
<use ../fig/SA3/SoleFlex.png>
Package pdftex.def Info: ../fig/SA3/SoleFlex.png  used on input line 1695.
(pdftex.def)             Requested size: 234.88304pt x 257.61366pt.
 [72 <../fig/SA3/SoleFlex.png>] [73]
<../fig/SA3/Convolute_Actuation.png, id=1766, 686.565pt x 284.5029pt>
File: ../fig/SA3/Convolute_Actuation.png Graphic file (type png)
<use ../fig/SA3/Convolute_Actuation.png>
Package pdftex.def Info: ../fig/SA3/Convolute_Actuation.png  used on input line
 1735.
(pdftex.def)             Requested size: 422.77449pt x 175.1918pt.
 [74 <../fig/SA3/Convolute_Actuation.png>]
<../fig/SA3/Convolute_Triangle.png, id=1775, 316.7835pt x 121.6545pt>
File: ../fig/SA3/Convolute_Triangle.png Graphic file (type png)
<use ../fig/SA3/Convolute_Triangle.png>
Package pdftex.def Info: ../fig/SA3/Convolute_Triangle.png  used on input line 
1754.
(pdftex.def)             Requested size: 281.85425pt x 108.24059pt.
 [75 <../fig/SA3/Convolute_Triangle.png>] [76]
<../fig/SA3/Convolute_Angled.png, id=1795, 505.4082pt x 380.1402pt>
File: ../fig/SA3/Convolute_Angled.png Graphic file (type png)
<use ../fig/SA3/Convolute_Angled.png>
Package pdftex.def Info: ../fig/SA3/Convolute_Angled.png  used on input line 18
00.
(pdftex.def)             Requested size: 328.8199pt x 247.3202pt.
 [77 <../fig/SA3/Convolute_Angled.png>]
<../fig/SA3/LastModification.png, id=1804, 244.7544pt x 173.9298pt>
File: ../fig/SA3/LastModification.png Graphic file (type png)
<use ../fig/SA3/LastModification.png>
Package pdftex.def Info: ../fig/SA3/LastModification.png  used on input line 18
22.
(pdftex.def)             Requested size: 375.80998pt x 267.06183pt.
 [78 <../fig/SA3/LastModification.png>]
<../fig/SA3/Last_Taping_Seams.png, id=1814, 589.20125pt x 663.47874pt>
File: ../fig/SA3/Last_Taping_Seams.png Graphic file (type png)
<use ../fig/SA3/Last_Taping_Seams.png>
Package pdftex.def Info: ../fig/SA3/Last_Taping_Seams.png  used on input line 1
837.
(pdftex.def)             Requested size: 375.81085pt x 423.18735pt.
 [79 <../fig/SA3/Last_Taping_Seams.png>]
<../fig/SA3/LacingConvolute_evolution.png, id=1825, 579.6054pt x 224.2779pt>
File: ../fig/SA3/LacingConvolute_evolution.png Graphic file (type png)
<use ../fig/SA3/LacingConvolute_evolution.png>
Package pdftex.def Info: ../fig/SA3/LacingConvolute_evolution.png  used on inpu
t line 1861.
(pdftex.def)             Requested size: 328.8308pt x 127.24083pt.
 [80 <../fig/SA3/LacingConvolute_evolution.png>] [81]

! LaTeX Error: File `' not found.

See the LaTeX manual or LaTeX Companion for explanation.
Type  H <return>  for immediate help.
 ...                                              
                                                  
l.1904 }
        
I could not locate the file with any of these extensions:
.pdf,.png,.jpg,.mps,.jpeg,.jbig2,.jb2,.PDF,.PNG,.JPG,.JPEG,.JBIG2,.JB2,.eps
Try typing  <return>  to proceed.
If that doesn't work, type  X <return>  to quit.

<../fig/SA3/sole_3d.png, id=1845, 1284.8pt x 722.7pt>
File: ../fig/SA3/sole_3d.png Graphic file (type png)
<use ../fig/SA3/sole_3d.png>
Package pdftex.def Info: ../fig/SA3/sole_3d.png  used on input line 1920.
(pdftex.def)             Requested size: 328.82533pt x 184.96425pt.
[82]
<../fig/SA3/LacingOverview.png, id=1855, 1505.625pt x 2258.4375pt>
File: ../fig/SA3/LacingOverview.png Graphic file (type png)
<use ../fig/SA3/LacingOverview.png>
Package pdftex.def Info: ../fig/SA3/LacingOverview.png  used on input line 1934
.
(pdftex.def)             Requested size: 328.82626pt x 493.2394pt.
 [83 <../fig/SA3/sole_3d.png>]
<../fig/SA3/Proto_Spaceboot.png, id=1864, 523.9575pt x 393.47pt>
File: ../fig/SA3/Proto_Spaceboot.png Graphic file (type png)
<use ../fig/SA3/Proto_Spaceboot.png>
Package pdftex.def Info: ../fig/SA3/Proto_Spaceboot.png  used on input line 194
8.
(pdftex.def)             Requested size: 328.83177pt x 246.93878pt.
 [84 <../fig/SA3/LacingOverview.png>]
[85 <../fig/SA3/Proto_Spaceboot.png>]
<../fig/SA3/BladderSeam.png, id=1879, 803.0pt x 602.25pt>
File: ../fig/SA3/BladderSeam.png Graphic file (type png)
<use ../fig/SA3/BladderSeam.png>
Package pdftex.def Info: ../fig/SA3/BladderSeam.png  used on input line 1969.
(pdftex.def)             Requested size: 469.7715pt x 352.32861pt.
 [86 <../fig/SA3/BladderSeam.png>]
<../fig/SA3/ConvoluteConstruction.png, id=1888, 880.28876pt x 687.56876pt>
File: ../fig/SA3/ConvoluteConstruction.png Graphic file (type png)
<use ../fig/SA3/ConvoluteConstruction.png>
Package pdftex.def Info: ../fig/SA3/ConvoluteConstruction.png  used on input li
ne 1992.
(pdftex.def)             Requested size: 422.77557pt x 330.2181pt.

[87]
<../fig/SA3/cut_patterns.png, id=1896, 723.70375pt x 523.9575pt>
File: ../fig/SA3/cut_patterns.png Graphic file (type png)
<use ../fig/SA3/cut_patterns.png>
Package pdftex.def Info: ../fig/SA3/cut_patterns.png  used on input line 2023.
(pdftex.def)             Requested size: 375.8091pt x 272.08371pt.
 [88 <../fig/SA3/ConvoluteConstruction.png>] [89 <../fig/SA3/cut_patterns.png>]
<../fig/SA3/Sole_Mold.jpg, id=1913, 4047.12pt x 3035.34pt>
File: ../fig/SA3/Sole_Mold.jpg Graphic file (type jpg)
<use ../fig/SA3/Sole_Mold.jpg>
Package pdftex.def Info: ../fig/SA3/Sole_Mold.jpg  used on input line 2045.
(pdftex.def)             Requested size: 328.77829pt x 246.58371pt.
 [90 <../fig/SA3/Sole_Mold.jpg>] [91]
<../fig/SA3/Classic_Spaceboot.png, id=1929, 522.95375pt x 392.46625pt>
File: ../fig/SA3/Classic_Spaceboot.png Graphic file (type png)
<use ../fig/SA3/Classic_Spaceboot.png>
Package pdftex.def Info: ../fig/SA3/Classic_Spaceboot.png  used on input line 2
095.
(pdftex.def)             Requested size: 328.83221pt x 246.78194pt.
 [92 <../fig/SA3/Classic_Spaceboot.png>] [93]
<../fig/SA4/BaseSeal.png, id=1945, 562.1pt x 534.99875pt>
File: ../fig/SA4/BaseSeal.png Graphic file (type png)
<use ../fig/SA4/BaseSeal.png>
Package pdftex.def Info: ../fig/SA4/BaseSeal.png  used on input line 2182.
(pdftex.def)             Requested size: 234.87103pt x 223.54689pt.
<../fig/SA4/Straps.png, id=1947, 652.4375pt x 222.8325pt>
File: ../fig/SA4/Straps.png Graphic file (type png)
<use ../fig/SA4/Straps.png>
Package pdftex.def Info: ../fig/SA4/Straps.png  used on input line 2199.
(pdftex.def)             Requested size: 422.7951pt x 144.40079pt.
 [94] [95 <../fig/SA4/BaseSeal.png> <../fig/SA4/Straps.png>] [96]
[97]
 \th@ChapterStyle\th@DoChapCenterChapter \th@ChapterStyle 7.
centered
[98

]
Underfull \hbox (badness 10000) in alignment at lines 2314--2319
[] [] [] [] []
 []


Underfull \hbox (badness 10000) in alignment at lines 2319--2323
[] [] [] [] []
 []


Underfull \hbox (badness 10000) in alignment at lines 2323--2331
[] [] [] [] []
 []

[99] [100]
<../fig/SA4/Kinovea.png, id=2002, 723.70375pt x 618.31pt>
File: ../fig/SA4/Kinovea.png Graphic file (type png)
<use ../fig/SA4/Kinovea.png>
Package pdftex.def Info: ../fig/SA4/Kinovea.png  used on input line 2370.
(pdftex.def)             Requested size: 375.8091pt x 321.07962pt.
 [101 <../fig/SA4/Kinovea.png>]
<../fig/SA4/FSR_embed.png, id=2012, 432.61626pt x 312.16624pt>
File: ../fig/SA4/FSR_embed.png Graphic file (type png)
<use ../fig/SA4/FSR_embed.png>
Package pdftex.def Info: ../fig/SA4/FSR_embed.png  used on input line 2385.
(pdftex.def)             Requested size: 234.87672pt x 169.4818pt.
 [102 <../fig/SA4/FSR_embed.png>]
<../fig/SA4/FSR_cal.png, id=2020, 1157.32375pt x 281.05pt>
File: ../fig/SA4/FSR_cal.png Graphic file (type png)
<use ../fig/SA4/FSR_cal.png>
Package pdftex.def Info: ../fig/SA4/FSR_cal.png  used on input line 2410.
(pdftex.def)             Requested size: 469.75545pt x 114.07764pt.

Overfull \hbox (6.80045pt too wide) in paragraph at lines 2410--2410
 [][][] 
 []

[103 <../fig/SA4/FSR_cal.png>]
<../fig/SA4/Corlett-Bishop.png, id=2032, 640.89438pt x 394.47375pt>
File: ../fig/SA4/Corlett-Bishop.png Graphic file (type png)
<use ../fig/SA4/Corlett-Bishop.png>
Package pdftex.def Info: ../fig/SA4/Corlett-Bishop.png  used on input line 2446
.
(pdftex.def)             Requested size: 375.80672pt x 231.31094pt.
 [104 <../fig/SA4/Corlett-Bishop.png>] [105]
[106]
Overfull \hbox (20.7869pt too wide) in paragraph at lines 2540--2541
[]|   []   |   []   |   []   |   []   |   []   |   []   |   []   |   []   |   [
]   |   []   |   []   |   []   |   []   |   []   |   []
 []

[107]
<../fig/SA4/CorlettBishop_Results.png, id=2068, 609.02531pt x 286.06876pt>
File: ../fig/SA4/CorlettBishop_Results.png Graphic file (type png)
<use ../fig/SA4/CorlettBishop_Results.png>
Package pdftex.def Info: ../fig/SA4/CorlettBishop_Results.png  used on input li
ne 2559.
(pdftex.def)             Requested size: 375.81683pt x 176.52707pt.
<../fig/SA4/HeelPerf.png, id=2070, 650.43pt x 380.42125pt>
File: ../fig/SA4/HeelPerf.png Graphic file (type png)
<use ../fig/SA4/HeelPerf.png>
Package pdftex.def Info: ../fig/SA4/HeelPerf.png  used on input line 2571.
(pdftex.def)             Requested size: 375.81058pt x 219.80278pt.
<../fig/SA4/RPE.png, id=2072, 650.43pt x 312.16624pt>
File: ../fig/SA4/RPE.png Graphic file (type png)
<use ../fig/SA4/RPE.png>
Package pdftex.def Info: ../fig/SA4/RPE.png  used on input line 2584.
(pdftex.def)             Requested size: 375.81058pt x 180.36588pt.
<../fig/SA4/exSet.png, id=2074, 997.7275pt x 1212.53pt>
File: ../fig/SA4/exSet.png Graphic file (type png)
<use ../fig/SA4/exSet.png>
Package pdftex.def Info: ../fig/SA4/exSet.png  used on input line 2595.
(pdftex.def)             Requested size: 375.8063pt x 456.71432pt.
 [108 <../fig/SA4/CorlettBishop_Results.png>]
<../fig/SA4/HeelLiftDiff.png, id=2082, 650.43pt x 312.16624pt>
File: ../fig/SA4/HeelLiftDiff.png Graphic file (type png)
<use ../fig/SA4/HeelLiftDiff.png>
Package pdftex.def Info: ../fig/SA4/HeelLiftDiff.png  used on input line 2608.
(pdftex.def)             Requested size: 375.81058pt x 180.36588pt.
 [109 <../fig/SA4/HeelPerf.png> <../fig/SA4/RPE.png>]
<../fig/SA4/HO_Time_Diff.png, id=2092, 650.43pt x 312.16624pt>
File: ../fig/SA4/HO_Time_Diff.png Graphic file (type png)
<use ../fig/SA4/HO_Time_Diff.png>
Package pdftex.def Info: ../fig/SA4/HO_Time_Diff.png  used on input line 2620.
(pdftex.def)             Requested size: 375.81058pt x 180.36588pt.
 [110 <../fig/SA4/exSet.png>] [111 <../fig/SA4/HeelLiftDiff.png> <../fig/SA4/HO
_Time_Diff.png>]
<../fig/SA4/FSR_Max.png, id=2109, 650.43pt x 312.16624pt>
File: ../fig/SA4/FSR_Max.png Graphic file (type png)
<use ../fig/SA4/FSR_Max.png>
Package pdftex.def Info: ../fig/SA4/FSR_Max.png  used on input line 2632.
(pdftex.def)             Requested size: 375.81058pt x 180.36588pt.
<../fig/SA4/FSR_HO.png, id=2111, 650.43pt x 312.16624pt>
File: ../fig/SA4/FSR_HO.png Graphic file (type png)
<use ../fig/SA4/FSR_HO.png>
Package pdftex.def Info: ../fig/SA4/FSR_HO.png  used on input line 2644.
(pdftex.def)             Requested size: 375.81058pt x 180.36588pt.
 [112 <../fig/SA4/FSR_Max.png>]
[113 <../fig/SA4/FSR_HO.png>] [114]
<../fig/sa4/HeelLift_ScreenCap.png, id=2135, 322.20375pt x 277.78781pt>
File: ../fig/sa4/HeelLift_ScreenCap.png Graphic file (type png)
<use ../fig/sa4/HeelLift_ScreenCap.png>
Package pdftex.def Info: ../fig/sa4/HeelLift_ScreenCap.png  used on input line 
2694.
(pdftex.def)             Requested size: 281.86858pt x 243.01285pt.
 [115 <../fig/sa4/HeelLift_ScreenCap.png>]
Overfull \hbox (2.74976pt too wide) in paragraph at lines 2713--2714
[]|   []   |   []   |   []   |   []   |   []   |   []   |   []   |   []   |   [
]   |   []   |   []   |   []   |   []   |   []   |   []
 []


Overfull \hbox (2.74977pt too wide) in paragraph at lines 2730--2731
[]|   []   |   []   |   []   |   []   |   []   |   []   |   []   |   []   |   [
]   |   []   |   []   |   []   |   []
 []

[116] [117]
 \th@ChapterStyle\th@DoChapCenterChapter \th@ChapterStyle 8.
centered

Overfull \hbox (13.94312pt too wide) in paragraph at lines 2761--2762
[]|   []   |   []   |   []   |   []   |   []   |   []   |   []   |   []   |   [
]   |   []   |   []   |   []   |   []
 []


LaTeX Warning: Reference `tbl:pubs' on page 118 undefined on input line 2766.


LaTeX Warning: Reference `tbl:conf' on page 118 undefined on input line 2766.

[118

] [119] [120]

LaTeX Warning: Reference `fig:Gantt' on page 121 undefined on input line 2964.

[121] (pdf_diff/Boppana_Thesis_Diff.bbl [122]
centered
[123

] [124]
Underfull \hbox (badness 7012) in paragraph at lines 166--173
[]\OT1/cmr/m/n/10.95 Paolo Car-avaggi, Todd Pataky, Michael G^^?unther, Rus-sel
l Sav-age, and Robin
 []


Underfull \hbox (badness 10000) in paragraph at lines 166--173
\OT1/cmr/m/n/10.95 Cromp-ton.  Dy-nam-ics of lon-gi-tu-di-nal arch sup-port in 
re-la-tion to walk-ing
 []


Underfull \hbox (badness 10000) in paragraph at lines 166--173
\OT1/cmr/m/n/10.95 speed: con-tri-bu-tion of the plan-tar aponeu-ro-sis.  217(3
):254--261.  []eprint:
 []

[125] [126] [127] [128]
Underfull \hbox (badness 1072) in paragraph at lines 609--616
[]\OT1/cmr/m/n/10.95 Casey A. My-ers, Wel-dyn Allen, Pe-ter J. Laz, Jake Lawler
-Schwatz, and Bryan P.
 []

[129] [130] [131] [132] [133])
Package atveryend Info: Empty hook `BeforeClearDocument' on input line 3005.
 [134]
Package atveryend Info: Empty hook `AfterLastShipout' on input line 3005.
 (pdf_diff/Boppana_Thesis_Diff.aux)
Package atveryend Info: Executing hook `AtVeryEndDocument' on input line 3005.
Package atveryend Info: Executing hook `AtEndAfterFileList' on input line 3005.

Package rerunfilecheck Info: File `Boppana_Thesis_Diff.out' has not changed.
(rerunfilecheck)             Checksum: 536F3EFF6A0F298D87B0E30F686DAF1F;6178.


LaTeX Warning: There were undefined references.

Package atveryend Info: Empty hook `AtVeryVeryEnd' on input line 3005.
 ) 
Here is how much of TeX's memory you used:
 11651 strings out of 480608
 178632 string characters out of 5903631
 518959 words of memory out of 5000000
 26650 multiletter control sequences out of 15000+600000
 543211 words of font info for 65 fonts, out of 8000000 for 9000
 1141 hyphenation exceptions out of 8191
 42i,9n,42p,1057b,1133s stack positions out of 5000i,500n,10000p,200000b,80000s
{/usr/local/texlive/2020/texmf-dist/fonts/enc/dvips/cm-super/cm-super-ts1.enc
}</usr/local/texlive/2020/texmf-dist/fonts/type1/public/amsfonts/cm/cmbx10.pfb>
</usr/local/texlive/2020/texmf-dist/fonts/type1/public/amsfonts/cm/cmbx12.pfb><
/usr/local/texlive/2020/texmf-dist/fonts/type1/public/amsfonts/cm/cmmi10.pfb></
usr/local/texlive/2020/texmf-dist/fonts/type1/public/amsfonts/cm/cmmi8.pfb></us
r/local/texlive/2020/texmf-dist/fonts/type1/public/amsfonts/cm/cmmi9.pfb></usr/
local/texlive/2020/texmf-dist/fonts/type1/public/amsfonts/cm/cmr10.pfb></usr/lo
cal/texlive/2020/texmf-dist/fonts/type1/public/amsfonts/cm/cmr6.pfb></usr/local
/texlive/2020/texmf-dist/fonts/type1/public/amsfonts/cm/cmr8.pfb></usr/local/te
xlive/2020/texmf-dist/fonts/type1/public/amsfonts/cm/cmr9.pfb></usr/local/texli
ve/2020/texmf-dist/fonts/type1/public/amsfonts/cm/cmsy10.pfb></usr/local/texliv
e/2020/texmf-dist/fonts/type1/public/amsfonts/cm/cmsy8.pfb></usr/local/texlive/
2020/texmf-dist/fonts/type1/public/amsfonts/cm/cmsy9.pfb></usr/local/texlive/20
20/texmf-dist/fonts/type1/public/amsfonts/cm/cmtt10.pfb></usr/local/texlive/202
0/texmf-dist/fonts/type1/public/amsfonts/latxfont/lasy6.pfb></usr/local/texlive
/2020/texmf-dist/fonts/type1/public/cm-super/sfrm0900.pfb></usr/local/texlive/2
020/texmf-dist/fonts/type1/public/cm-super/sfrm1095.pfb>
Output written on pdf_diff/Boppana_Thesis_Diff.pdf (150 pages, 23610248 bytes).

PDF statistics:
 2414 PDF objects out of 2487 (max. 8388607)
 2125 compressed objects within 22 object streams
 620 named destinations out of 1000 (max. 500000)
 931 words of extra memory for PDF output out of 10000 (max. 10000000)

