\BOOKMARK [0][-]{chapter.1}{Motivation}{}% 1
\BOOKMARK [1][-]{section.1.1}{EMU Spacesuit Injury Incidence}{chapter.1}% 2
\BOOKMARK [2][-]{subsection.1.1.1}{Spacesuit Contact Injuries}{section.1.1}% 3
\BOOKMARK [2][-]{subsection.1.1.2}{Spacesuit Musculoskeletal Injuries}{section.1.1}% 4
\BOOKMARK [1][-]{section.1.2}{Hypothesized Spacesuit Injury Mechanisms}{chapter.1}% 5
\BOOKMARK [1][-]{section.1.3}{Spacesuit Injury Countermeasures}{chapter.1}% 6
\BOOKMARK [1][-]{section.1.4}{Summary}{chapter.1}% 7
\BOOKMARK [0][-]{chapter.2}{Background}{}% 8
\BOOKMARK [1][-]{section.2.1}{Planetary Ambulation}{chapter.2}% 9
\BOOKMARK [1][-]{section.2.2}{Gas Pressurized Spacesuit Characteristics}{chapter.2}% 10
\BOOKMARK [2][-]{subsection.2.2.1}{An Inherently Stiff Structure}{section.2.2}% 11
\BOOKMARK [2][-]{subsection.2.2.2}{Mobility Design Features}{section.2.2}% 12
\BOOKMARK [1][-]{section.2.3}{MK III Ambulation Performance}{chapter.2}% 13
\BOOKMARK [2][-]{subsection.2.3.1}{Cost of Transport Factors}{section.2.3}% 14
\BOOKMARK [2][-]{subsection.2.3.2}{Ambulation Biomechanics}{section.2.3}% 15
\BOOKMARK [2][-]{subsection.2.3.3}{Subjective Feedback}{section.2.3}% 16
\BOOKMARK [1][-]{section.2.4}{Spacesuit Fit}{chapter.2}% 17
\BOOKMARK [2][-]{subsection.2.4.1}{Spacesuit Sizing Process}{section.2.4}% 18
\BOOKMARK [2][-]{subsection.2.4.2}{Quantifying Fit}{section.2.4}% 19
\BOOKMARK [2][-]{subsection.2.4.3}{Body Shape Characterization to Improve Fit}{section.2.4}% 20
\BOOKMARK [1][-]{section.2.5}{Summary}{chapter.2}% 21
\BOOKMARK [0][-]{chapter.3}{Investigative Approach}{}% 22
\BOOKMARK [1][-]{section.3.1}{Expected Outcomes}{chapter.3}% 23
\BOOKMARK [0][-]{chapter.4}{Specific Aim 1 : Challenges in Quantifying Heel-Lift during Spacesuit Gait}{}% 24
\BOOKMARK [1][-]{section.4.1}{Introduction}{chapter.4}% 25
\BOOKMARK [1][-]{section.4.2}{Methods}{chapter.4}% 26
\BOOKMARK [2][-]{subsection.4.2.1}{Data Collection}{section.4.2}% 27
\BOOKMARK [2][-]{subsection.4.2.2}{Data Analysis}{section.4.2}% 28
\BOOKMARK [1][-]{section.4.3}{Results}{chapter.4}% 29
\BOOKMARK [1][-]{section.4.4}{Summary}{chapter.4}% 30
\BOOKMARK [0][-]{chapter.5}{Specific Aim 2: Predictively model dynamic changes in foot morphology during gait}{}% 31
\BOOKMARK [1][-]{section.5.1}{Introduction}{chapter.5}% 32
\BOOKMARK [1][-]{section.5.2}{DynaMo: Dynamic Body Shape Capture with Intel RealSense Cameras}{chapter.5}% 33
\BOOKMARK [1][-]{section.5.3}{Development of a Predictive Dynamic Foot Shape Model from Statistical Shape Modeling}{chapter.5}% 34
\BOOKMARK [2][-]{subsection.5.3.1}{Methods}{section.5.3}% 35
\BOOKMARK [2][-]{subsection.5.3.2}{Results}{section.5.3}% 36
\BOOKMARK [2][-]{subsection.5.3.3}{Foot Shape Changes}{section.5.3}% 37
\BOOKMARK [2][-]{subsection.5.3.4}{Study Limitations}{section.5.3}% 38
\BOOKMARK [2][-]{subsection.5.3.5}{Study Conclusions}{section.5.3}% 39
\BOOKMARK [1][-]{section.5.4}{Analysis of Dynamic Instep and Arch Height Changes}{chapter.5}% 40
\BOOKMARK [2][-]{subsection.5.4.1}{Methods}{section.5.4}% 41
\BOOKMARK [2][-]{subsection.5.4.2}{Results}{section.5.4}% 42
\BOOKMARK [2][-]{subsection.5.4.3}{Translating Instep and Arch Height to Footwear Design}{section.5.4}% 43
\BOOKMARK [1][-]{section.5.5}{Summary}{chapter.5}% 44
\BOOKMARK [0][-]{chapter.6}{Specific Aim 3: Define a design process integrating dynamic foot morphology data for a novel spacesuit boot}{}% 45
\BOOKMARK [1][-]{section.6.1}{Introduction}{chapter.6}% 46
\BOOKMARK [1][-]{section.6.2}{Existing Knowledge on Foot Shape Mobility}{chapter.6}% 47
\BOOKMARK [2][-]{subsection.6.2.1}{Linear Anthropometry}{section.6.2}% 48
\BOOKMARK [2][-]{subsection.6.2.2}{Gait Joint Kinematics}{section.6.2}% 49
\BOOKMARK [1][-]{section.6.3}{Biomechanical Boot Design Framework}{chapter.6}% 50
\BOOKMARK [2][-]{subsection.6.3.1}{Mobility}{section.6.3}% 51
\BOOKMARK [2][-]{subsection.6.3.2}{Toe box}{section.6.3}% 52
\BOOKMARK [2][-]{subsection.6.3.3}{Upper}{section.6.3}% 53
\BOOKMARK [2][-]{subsection.6.3.4}{Sole}{section.6.3}% 54
\BOOKMARK [1][-]{section.6.4}{Prototype Planetary Spacesuit Boot Design}{chapter.6}% 55
\BOOKMARK [2][-]{subsection.6.4.1}{Ankle Convolutes}{section.6.4}% 56
\BOOKMARK [2][-]{subsection.6.4.2}{Upper and Toe Box}{section.6.4}% 57
\BOOKMARK [2][-]{subsection.6.4.3}{Instep Lacing}{section.6.4}% 58
\BOOKMARK [2][-]{subsection.6.4.4}{Heel Counter}{section.6.4}% 59
\BOOKMARK [2][-]{subsection.6.4.5}{Sole}{section.6.4}% 60
\BOOKMARK [1][-]{section.6.5}{Novel Planetary Spacesuit Boot Construction}{chapter.6}% 61
\BOOKMARK [2][-]{subsection.6.5.1}{Ankle Convolute Construction}{section.6.5}% 62
\BOOKMARK [2][-]{subsection.6.5.2}{Upper and Toe-Box Construction}{section.6.5}% 63
\BOOKMARK [2][-]{subsection.6.5.3}{Sole Construction}{section.6.5}% 64
\BOOKMARK [2][-]{subsection.6.5.4}{BOA Lacing Integration}{section.6.5}% 65
\BOOKMARK [2][-]{subsection.6.5.5}{Heel Counter}{section.6.5}% 66
\BOOKMARK [2][-]{subsection.6.5.6}{Pressure Sealing}{section.6.5}% 67
\BOOKMARK [1][-]{section.6.6}{Classic Spacesuit Boot Design and Construction}{chapter.6}% 68
\BOOKMARK [1][-]{section.6.7}{Summary}{chapter.6}% 69
\BOOKMARK [0][-]{chapter.7}{Specific Aim 4: Evaluate novel planetary spacesuit boot design for fit, comfort, and mobility}{}% 70
\BOOKMARK [1][-]{section.7.1}{Introduction}{chapter.7}% 71
\BOOKMARK [1][-]{section.7.2}{Test Interface Construction}{chapter.7}% 72
\BOOKMARK [1][-]{section.7.3}{Experimental Design}{chapter.7}% 73
\BOOKMARK [1][-]{section.7.4}{Stretch Testing Goals}{chapter.7}% 74
\BOOKMARK [1][-]{section.7.5}{Summary}{chapter.7}% 75
\BOOKMARK [0][-]{chapter.8}{Summary and Execution Plan}{}% 76
\BOOKMARK [1][-]{section.8.1}{Publications}{chapter.8}% 77
\BOOKMARK [1][-]{section.8.2}{Academic Requirements}{chapter.8}% 78
\BOOKMARK [1][-]{section.8.3}{Timeline}{chapter.8}% 79
\BOOKMARK [-1][-]{chapter*.2}{ Bibliography}{}% 80
